<?xml version="1.0" encoding="UTF-8"?>
<!-- Generated by org.testng.reporters.JUnitXMLReporter -->
<testsuite hostname="PankajKumar-HP" ignored="3" name="Default test(failed)" tests="2" failures="2" timestamp="04 Sep 2020 17:21:36 GMT" time="30.673" errors="0">
  <testcase name="sorting_The_Price" time="0.048" classname="com.qa.Script.Test_Script">
    <failure type="java.lang.IndexOutOfBoundsException" message="Index: 4, Size: 0">
      <![CDATA[java.lang.IndexOutOfBoundsException: Index: 4, Size: 0
at java.util.ArrayList.rangeCheck(Unknown Source)
at java.util.ArrayList.get(Unknown Source)
at com.qa.PageObject.Search_Page.sorting_Price_of_House(Search_Page.java:62)
at com.qa.Script.Test_Script.sorting_The_Price(Test_Script.java:34)
... Removed 25 stack frames]]>
    </failure>
  </testcase> <!-- sorting_The_Price -->
  <testcase name="verifying_the_Selected_House" time="30.527" classname="com.qa.Script.Test_Script">
    <failure type="org.openqa.selenium.TimeoutException" message="Expected condition failed: waiting for visibility of Proxy element for: DefaultElementLocator &amp;apos;By.xpath: //div[@class=&amp;apos;dp-sidebar-wrapper__contact&amp;apos;]//h4[@class=&amp;apos;ui-agent__name&amp;apos;]&amp;apos; (tried for 30 second(s) with 500 milliseconds interval)">
      <![CDATA[org.openqa.selenium.TimeoutException: Expected condition failed: waiting for visibility of Proxy element for: DefaultElementLocator 'By.xpath: //div[@class='dp-sidebar-wrapper__contact']//h4[@class='ui-agent__name']' (tried for 30 second(s) with 500 milliseconds interval)
at org.openqa.selenium.support.ui.WebDriverWait.timeoutException(WebDriverWait.java:95)
at org.openqa.selenium.support.ui.FluentWait.until(FluentWait.java:272)
at com.qa.utility.Browser_Utility.waitforVisiblity(Browser_Utility.java:29)
at com.qa.PageObject.Search_Page.vrefying_selected_House(Search_Page.java:71)
at com.qa.Script.Test_Script.verifying_the_Selected_House(Test_Script.java:39)
Caused by: org.openqa.selenium.NoSuchElementException: no such element: Unable to locate element: {"method":"xpath","selector":"//div[@class='dp-sidebar-wrapper__contact']//h4[@class='ui-agent__name']"}
  (Session info: chrome=85.0.4183.83)
For documentation on this error, please visit: https://www.seleniumhq.org/exceptions/no_such_element.html
Build info: version: '3.141.59', revision: 'e82be7d358', time: '2018-11-14T08:17:03'
System info: host: 'PANKAJKUMAR-HP', ip: '192.168.1.12', os.name: 'Windows 10', os.arch: 'amd64', os.version: '10.0', java.version: '1.8.0_191'
Driver info: org.openqa.selenium.chrome.ChromeDriver
Capabilities {acceptInsecureCerts: false, browserName: chrome, browserVersion: 85.0.4183.83, chrome: {chromedriverVersion: 84.0.4147.30 (48b3e868b4cc0..., userDataDir: C:\Users\PANKAJ~1\AppData\L...}, goog:chromeOptions: {debuggerAddress: localhost:56937}, javascriptEnabled: true, networkConnectionEnabled: false, pageLoadStrategy: normal, platform: WINDOWS, platformName: WINDOWS, proxy: Proxy(), setWindowRect: true, strictFileInteractability: false, timeouts: {implicit: 0, pageLoad: 300000, script: 30000}, unhandledPromptBehavior: dismiss and notify, webauthn:virtualAuthenticators: true}
Session ID: d3bbee133a060cf6fe13da398ecb6219
*** Element info: {Using=xpath, value=//div[@class='dp-sidebar-wrapper__contact']//h4[@class='ui-agent__name']}
at org.openqa.selenium.remote.http.W3CHttpResponseCodec.createException(W3CHttpResponseCodec.java:187)
at org.openqa.selenium.remote.http.W3CHttpResponseCodec.decode(W3CHttpResponseCodec.java:122)
at org.openqa.selenium.remote.http.W3CHttpResponseCodec.decode(W3CHttpResponseCodec.java:49)
at org.openqa.selenium.remote.HttpCommandExecutor.execute(HttpCommandExecutor.java:158)
at org.openqa.selenium.remote.service.DriverCommandExecutor.execute(DriverCommandExecutor.java:83)
at org.openqa.selenium.remote.RemoteWebDriver.execute(RemoteWebDriver.java:552)
at org.openqa.selenium.remote.RemoteWebDriver.findElement(RemoteWebDriver.java:323)
at org.openqa.selenium.remote.RemoteWebDriver.findElementByXPath(RemoteWebDriver.java:428)
at org.openqa.selenium.By$ByXPath.findElement(By.java:353)
at org.openqa.selenium.remote.RemoteWebDriver.findElement(RemoteWebDriver.java:315)
at org.openqa.selenium.support.pagefactory.DefaultElementLocator.findElement(DefaultElementLocator.java:69)
at org.openqa.selenium.support.pagefactory.internal.LocatingElementHandler.invoke(LocatingElementHandler.java:38)
at com.sun.proxy.$Proxy10.isDisplayed(Unknown Source)
at org.openqa.selenium.support.ui.ExpectedConditions.elementIfVisible(ExpectedConditions.java:314)
at org.openqa.selenium.support.ui.ExpectedConditions.access$000(ExpectedConditions.java:43)
at org.openqa.selenium.support.ui.ExpectedConditions$10.apply(ExpectedConditions.java:300)
at org.openqa.selenium.support.ui.ExpectedConditions$10.apply(ExpectedConditions.java:297)
at org.openqa.selenium.support.ui.FluentWait.until(FluentWait.java:249)
... 28 more
... Removed 28 stack frames]]>
    </failure>
  </testcase> <!-- verifying_the_Selected_House -->
  <testcase name="price_list_Of_House" time="0.0" classname="com.qa.Script.Test_Script">
    <ignored/>
  </testcase> <!-- price_list_Of_House -->
  <testcase name="accept_Cookies" time="0.0" classname="com.qa.Script.Test_Script">
    <ignored/>
  </testcase> <!-- accept_Cookies -->
  <testcase name="search_City" time="0.0" classname="com.qa.Script.Test_Script">
    <ignored/>
  </testcase> <!-- search_City -->
</testsuite> <!-- Default test(failed) -->
